2018-11-27 17:44:36,174 root- CRITICAL - critical message-------
2018-11-27 17:44:36,174 root- ERROR - error message-------
2018-11-27 17:44:36,174 root- WARNING - warning message-------
2018-11-27 17:44:36,174 root- INFO - info message-------
2018-11-27 17:44:36,174 root- DEBUG - debug message-------
2018-11-27 17:44:41,297 root- CRITICAL - critical message-------
2018-11-27 17:44:41,297 root- ERROR - error message-------
2018-11-27 17:44:41,297 root- WARNING - warning message-------
2018-11-27 17:44:41,297 root- INFO - info message-------
2018-11-27 17:44:41,297 root- DEBUG - debug message-------
2018-11-27 17:44:42,843 root- CRITICAL - critical message-------
2018-11-27 17:44:42,843 root- ERROR - error message-------
2018-11-27 17:44:42,843 root- WARNING - warning message-------
2018-11-27 17:44:42,843 root- INFO - info message-------
2018-11-27 17:44:42,843 root- DEBUG - debug message-------
2018-11-27 17:45:14,843 root- CRITICAL - critical message-------
2018-11-27 17:45:14,844 root- ERROR - error message-------
2018-11-27 17:45:14,845 root- WARNING - warning message-------
2018-11-27 17:45:35,435 root- CRITICAL - critical message-------
2018-11-27 17:45:35,435 root- ERROR - error message-------
2018-11-27 17:45:35,435 root- WARNING - warning message-------
2018-11-27 17:45:35,435 root- INFO - info message-------
2018-11-27 17:45:35,435 root- DEBUG - debug message-------
